<?xml version="1.0" encoding="UTF-8"?>
<testsuite name="string_sout.restful_jpa.RestfulJpaApplicationTests" tests="1" skipped="0" failures="0" errors="0" timestamp="2024-07-18T06:57:24" hostname="D0083-052" time="0.628">
  <properties/>
  <testcase name="contextLoads()" classname="string_sout.restful_jpa.RestfulJpaApplicationTests" time="0.628"/>
  <system-out><![CDATA[13:57:17.793 [Test worker] INFO org.springframework.test.context.support.AnnotationConfigContextLoaderUtils -- Could not detect default configuration classes for test class [string_sout.restful_jpa.RestfulJpaApplicationTests]: RestfulJpaApplicationTests does not declare any static, non-private, non-final, nested classes annotated with @Configuration.
13:57:17.965 [Test worker] INFO org.springframework.boot.test.context.SpringBootTestContextBootstrapper -- Found @SpringBootConfiguration string_sout.restful_jpa.RestfulJpaApplication for test class string_sout.restful_jpa.RestfulJpaApplicationTests

  .   ____          _            __ _ _
 /\\ / ___'_ __ _ _(_)_ __  __ _ \ \ \ \
( ( )\___ | '_ | '_| | '_ \/ _` | \ \ \ \
 \\/  ___)| |_)| | | | | || (_| |  ) ) ) )
  '  |____| .__|_| |_|_| |_\__, | / / / /
 =========|_|==============|___/=/_/_/_/

 :: Spring Boot ::                (v3.3.1)

2024-07-18T13:57:18.533+07:00  INFO 17644 --- [restful-jpa] [    Test worker] s.r.RestfulJpaApplicationTests           : Starting RestfulJpaApplicationTests using Java 17.0.10 with PID 17644 (started by febykas in D:\Learn Java\restful-jpa\restful-jpa)
2024-07-18T13:57:18.533+07:00  INFO 17644 --- [restful-jpa] [    Test worker] s.r.RestfulJpaApplicationTests           : No active profile set, falling back to 1 default profile: "default"
2024-07-18T13:57:19.649+07:00  INFO 17644 --- [restful-jpa] [    Test worker] .s.d.r.c.RepositoryConfigurationDelegate : Bootstrapping Spring Data JPA repositories in DEFAULT mode.
2024-07-18T13:57:19.774+07:00  INFO 17644 --- [restful-jpa] [    Test worker] .s.d.r.c.RepositoryConfigurationDelegate : Finished Spring Data repository scanning in 118 ms. Found 9 JPA repository interfaces.
2024-07-18T13:57:20.510+07:00  INFO 17644 --- [restful-jpa] [    Test worker] com.zaxxer.hikari.HikariDataSource       : HikariPool-1 - Starting...
2024-07-18T13:57:20.965+07:00  INFO 17644 --- [restful-jpa] [    Test worker] com.zaxxer.hikari.pool.HikariPool        : HikariPool-1 - Added connection com.mysql.cj.jdbc.ConnectionImpl@7db5b890
2024-07-18T13:57:20.965+07:00  INFO 17644 --- [restful-jpa] [    Test worker] com.zaxxer.hikari.HikariDataSource       : HikariPool-1 - Start completed.
2024-07-18T13:57:21.028+07:00  INFO 17644 --- [restful-jpa] [    Test worker] o.hibernate.jpa.internal.util.LogHelper  : HHH000204: Processing PersistenceUnitInfo [name: default]
2024-07-18T13:57:21.140+07:00  INFO 17644 --- [restful-jpa] [    Test worker] org.hibernate.Version                    : HHH000412: Hibernate ORM core version 6.5.2.Final
2024-07-18T13:57:21.215+07:00  INFO 17644 --- [restful-jpa] [    Test worker] o.h.c.internal.RegionFactoryInitiator    : HHH000026: Second-level cache disabled
2024-07-18T13:57:21.752+07:00  INFO 17644 --- [restful-jpa] [    Test worker] o.s.o.j.p.SpringPersistenceUnitInfo      : No LoadTimeWeaver setup: ignoring JPA class transformer
2024-07-18T13:57:23.037+07:00  INFO 17644 --- [restful-jpa] [    Test worker] o.h.e.t.j.p.i.JtaPlatformInitiator       : HHH000489: No JTA platform available (set 'hibernate.transaction.jta.platform' to enable JTA platform integration)
2024-07-18T13:57:23.037+07:00  INFO 17644 --- [restful-jpa] [    Test worker] j.LocalContainerEntityManagerFactoryBean : Initialized JPA EntityManagerFactory for persistence unit 'default'
2024-07-18T13:57:24.008+07:00  WARN 17644 --- [restful-jpa] [    Test worker] JpaBaseConfiguration$JpaWebConfiguration : spring.jpa.open-in-view is enabled by default. Therefore, database queries may be performed during view rendering. Explicitly configure spring.jpa.open-in-view to disable this warning
2024-07-18T13:57:24.586+07:00  INFO 17644 --- [restful-jpa] [    Test worker] s.r.RestfulJpaApplicationTests           : Started RestfulJpaApplicationTests in 6.37 seconds (process running for 8.097)
]]></system-out>
  <system-err><![CDATA[]]></system-err>
</testsuite>
